
> edtech-website@0.1.0 build
> cross-env NODE_OPTIONS='--max-old-space-size=8192' next build

▲ Next.js 16.1.6 (Turbopack)
- Environments: .env.local
- Experiments (use with caution):
  · optimizePackageImports

⚠ The "middleware" file convention is deprecated. Please use "proxy" instead. Learn more: https://nextjs.org/docs/messages/middleware-to-proxy
  Creating an optimized production build ...
✓ Compiled successfully in 3.3min
  Running TypeScript ...
  Collecting page data using 7 workers ...
  Generating static pages using 7 workers (0/915) ...
  Generating static pages using 7 workers (228/915) 
  Generating static pages using 7 workers (457/915) 
The default export of @sanity/image-url has been deprecated. Use the named export `createImageUrlBuilder` instead.
  Generating static pages using 7 workers (686/915) 
(node:5844) [DEP0169] DeprecationWarning: `url.parse()` behavior is not standardized and prone to errors that have security implications. Use the WHATWG URL API instead. CVEs are not issued for `url.parse()` vulnerabilities.
(Use `node --trace-deprecation ...` to show where the warning was created)
✓ Generating static pages using 7 workers (915/915) in 64s
  Finalizing page optimization ...

Route (app)                                                                                                     Revalidate  Expire
┌ ○ /                                                                                                                   1h      1y
├ ○ /_not-found
├ ● /[slug]
│ ├ /software-testing-course-in-mumbai
│ ├ /software-testing-course-in-bengaluru
│ ├ /software-testing-course-in-delhi
│ └ [+762 more paths]
├ ○ /aaa-certification
├ ○ /about-us
├ ○ /actd-certification
├ ○ /advance-manual-automation-testing
├ ○ /advance-software-testing
├ ○ /ai-bootcamp                                                                                                        1h      1y
├ ○ /ai-course
├ ○ /ai-in-digital-marketing                                                                                            1h      1y
├ ○ /api-testing
├ ƒ /api/apply
├ ƒ /api/contact
├ ƒ /api/download-brochure
├ ƒ /api/enquire
├ ƒ /api/mock-test/register
├ ƒ /api/mock-test/submit
├ ƒ /api/new-year-offer
├ ƒ /api/reviews
├ ○ /artificial-intelligence-courses
├ ○ /automation-testing-course
├ ○ /bi-courses
├ ○ /blog                                                                                                               1m      1y
├ ● /blog/[slug]                                                                                                        1m      1y
│ ├ /blog/what-is-data-science                                                                                          1m      1y
│ ├ /blog/top-data-science-trends-2025-guide                                                                            1m      1y
│ ├ /blog/full-stack-comprehensive-guide-for-college-students                                                           1m      1y
│ └ [+26 more paths]
├ ○ /blog/all-posts                                                                                                     1h      1y
├ ● /blog/author/[slug]
│ ├ /blog/author/sushma-pal
│ ├ /blog/author/ashish-shetty
│ ├ /blog/author/cezzane-khan
│ └ [+7 more paths]
├ ○ /blog/categories                                                                                                    1h      1y
├ ● /blog/category/[slug]                                                                                               1h      1y
│ ├ /blog/category/web-development                                                                                      1h      1y
│ ├ /blog/category/data-science                                                                                         1h      1y
│ ├ /blog/category/digital-marketing                                                                                    1h      1y
│ └ [+3 more paths]
├ ƒ /blog/search
├ ○ /cancellation-refund-policy
├ ○ /cdpl-affiliate-program
├ ○ /cdpl-certificate-validation
├ ƒ /cms/[[...tool]]
├ ○ /contact-us
├ ○ /cookies-policy
├ ○ /courses
├ ○ /data-analytics
├ ○ /data-analytics-and-visualization
├ ○ /data-analytics-python
├ ○ /data-analytics-with-tableau
├ ○ /data-science-course
├ ○ /data-visualization-in-r-programming
├ ○ /dbms-course
├ ○ /digital-marketing-course
├ ○ /digital-marketing-courses
├ ○ /ds-ml-courses
├ ○ /etl-testing
├ ○ /events
├ ● /events/[slug]
│ ├ /events/business-analytics-course-at-aldel-institute-of-management
│ ├ /events/mou-signing-between-st-francis-institute-of-technology-and-testriq-qa-lab
│ ├ /events/institutional-mou-signing-between-st-john-college-of-engineering-and-management-and-testriq-qa-lab
│ └ [+31 more paths]
├ ○ /generative-ai-course
├ ○ /istqb-registration
├ ○ /java-course
├ ○ /jobs/careers                                                                                                       1m      1y
├ ○ /jobs/job-openings                                                                                                  1h      1y
├ ƒ /jobs/live-jobs
├ ○ /jobs/placements
├ ○ /locations-we-serve
├ ○ /machine-learning-course
├ ○ /machine-learning-using-python
├ ○ /manual-testing-course
├ ○ /masters-in-data-engineering
├ ○ /mentors
├ ○ /mock-test
├ ƒ /mock-test/[courseSlug]
├ ○ /our-team
├ ○ /power-bi-course
├ ○ /privacy-policy
├ ○ /prompt-engineering-course
├ ○ /python-course
├ ○ /reviews                                                                                                            2m      1y
├ ○ /robots.txt
├ ○ /services
├ ƒ /services/[slug]
├ ○ /sitemap.xml
├ ○ /software-testing-course
└ ○ /terms-of-service


ƒ Proxy (Middleware)

○  (Static)   prerendered as static content
●  (SSG)      prerendered as static HTML (uses generateStaticParams)
ƒ  (Dynamic)  server-rendered on demand

